\BOOKMARK [0][-]{chapter*.3}{Resumo}{}% 1
\BOOKMARK [0][-]{chapter*.4}{Abstract}{}% 2
\BOOKMARK [0][-]{chapter.abstract.1}{Introdu\347\343o}{}% 3
\BOOKMARK [1][-]{section.abstract.1.1}{Contextualiza\347\343o}{chapter.abstract.1}% 4
\BOOKMARK [1][-]{section.abstract.1.2}{Motiva\347\343o}{chapter.abstract.1}% 5
\BOOKMARK [1][-]{section.abstract.1.3}{Objetivo}{chapter.abstract.1}% 6
\BOOKMARK [1][-]{section.abstract.1.4}{Organiza\347\343o do Texto}{chapter.abstract.1}% 7
\BOOKMARK [0][-]{chapter.abstract.2}{Fundamenta\347\343o Te\363rica}{}% 8
\BOOKMARK [1][-]{section.abstract.2.1}{A World Wide Web}{chapter.abstract.2}% 9
\BOOKMARK [1][-]{section.abstract.2.2}{Navegadores}{chapter.abstract.2}% 10
\BOOKMARK [1][-]{section.abstract.2.3}{HTML5}{chapter.abstract.2}% 11
\BOOKMARK [0][-]{chapter.abstract.3}{WebP}{}% 12
\BOOKMARK [1][-]{section.abstract.3.1}{Introdu\347\343o}{chapter.abstract.3}% 13
\BOOKMARK [1][-]{section.abstract.3.2}{Mozilla Firefox e o WebP}{chapter.abstract.3}% 14
\BOOKMARK [1][-]{section.abstract.3.3}{Especifica\347\343o do Container WebP}{chapter.abstract.3}% 15
\BOOKMARK [1][-]{section.abstract.3.4}{A API libwebp}{chapter.abstract.3}% 16
\BOOKMARK [1][-]{section.abstract.3.5}{Estudo de caso do WebP}{chapter.abstract.3}% 17
\BOOKMARK [0][-]{chapter.abstract.4}{Trabalhos Relacionados}{}% 18
\BOOKMARK [1][-]{section.abstract.4.1}{JPEG 2000}{chapter.abstract.4}% 19
\BOOKMARK [1][-]{section.abstract.4.2}{JPEG XR}{chapter.abstract.4}% 20
\BOOKMARK [1][-]{section.abstract.4.3}{O Primeiro Patch para o Firefox}{chapter.abstract.4}% 21
\BOOKMARK [0][-]{chapter.abstract.5}{Descri\347\343o do Projeto}{}% 22
\BOOKMARK [1][-]{section.abstract.5.1}{Ambiente de Desenvolvimento}{chapter.abstract.5}% 23
\BOOKMARK [1][-]{section.abstract.5.2}{Modelagem e Arquitetura}{chapter.abstract.5}% 24
\BOOKMARK [1][-]{section.abstract.5.3}{Sistema de compila\347\343o do Firefox}{chapter.abstract.5}% 25
\BOOKMARK [1][-]{section.abstract.5.4}{Implementa\347\343o do decodificador}{chapter.abstract.5}% 26
\BOOKMARK [1][-]{section.abstract.5.5}{Implementa\347\343o do codificador}{chapter.abstract.5}% 27
\BOOKMARK [1][-]{section.abstract.5.6}{Resultados Obtidos}{chapter.abstract.5}% 28
\BOOKMARK [0][-]{chapter.abstract.6}{Conclus\365es e Trabalhos Futuros}{}% 29
\BOOKMARK [0][-]{chapter.abstract.6}{Refer\352ncias Bibliogr\341ficas}{}% 30
