\BOOKMARK [0][-]{chapter.1}{Introdu\347\343o}{}% 1
\BOOKMARK [0][-]{chapter.2}{Op\347\365es da classe}{}% 2
\BOOKMARK [0][-]{chapter.3}{Partes}{}% 3
\BOOKMARK [1][-]{section.3.1}{Folha de rosto e capa}{chapter.3}% 4
\BOOKMARK [2][-]{subsection.3.1.1}{Comandos e 92folhaderosto e 92capa}{section.3.1}% 5
\BOOKMARK [2][-]{subsection.3.1.2}{Folha de rosto personalizada}{section.3.1}% 6
\BOOKMARK [1][-]{section.3.2}{Folha de aprova\347\343o}{chapter.3}% 7
\BOOKMARK [2][-]{section*.1}{Mais sobre o comando 92assinatura}{section.3.2}% 8
\BOOKMARK [1][-]{section.3.3}{Resumo e abstract}{chapter.3}% 9
\BOOKMARK [1][-]{section.3.4}{Lista de s\355mbolos, siglas, etc}{chapter.3}% 10
\BOOKMARK [1][-]{section.3.5}{Anexos e ap\352ndices}{chapter.3}% 11
\BOOKMARK [1][-]{section.3.6}{\315ndice remissivo}{chapter.3}% 12
\BOOKMARK [0][-]{chapter.4}{Formata\347\343o}{}% 13
\BOOKMARK [1][-]{section.4.1}{Numera\347\343o das p\341ginas}{chapter.4}% 14
\BOOKMARK [1][-]{section.4.2}{Cabe\347alhos de p\341gina}{chapter.4}% 15
\BOOKMARK [1][-]{section.4.3}{T\355tulo de cap\355tulos e se\347\365es}{chapter.4}% 16
\BOOKMARK [1][-]{section.4.4}{T\355tulo de anexos e ap\352ndices}{chapter.4}% 17
\BOOKMARK [1][-]{section.4.5}{Espa\347amento entrelinhas}{chapter.4}% 18
\BOOKMARK [2][-]{section*.2}{Ambientes espacosimples, espacoememeio e espacoduplo}{section.4.5}% 19
\BOOKMARK [2][-]{section*.2}{O comando 92espaco123palavra ou n\372mero125}{section.4.5}% 20
\BOOKMARK [1][-]{section.4.6}{Cita\347\365es longas}{chapter.4}% 21
\BOOKMARK [1][-]{section.4.7}{Fontes}{chapter.4}% 22
\BOOKMARK [2][-]{subsection.4.7.1}{Fontes do t\355tulo de cap\355tulos e se\347\365es}{section.4.7}% 23
\BOOKMARK [2][-]{subsection.4.7.2}{Op\347\343o de classe times}{section.4.7}% 24
\BOOKMARK [2][-]{subsection.4.7.3}{Fontes da folha de rosto}{section.4.7}% 25
\BOOKMARK [2][-]{subsection.4.7.4}{Fontes do cabe\347alho de p\341gina}{section.4.7}% 26
\BOOKMARK [0][-]{chapter.appendix.A}{Ap\352ndice A \204 Um resumo das normas}{}% 27
\BOOKMARK [1][-]{section.appendix.A.1}{NBR 14724: estrutura e algumas descri\347\365es}{chapter.appendix.A}% 28
\BOOKMARK [2][-]{subsection.appendix.A.1.1}{Elementos pr\351-textuais}{section.appendix.A.1}% 29
\BOOKMARK [2][-]{subsection.appendix.A.1.2}{Elementos textuais}{section.appendix.A.1}% 30
\BOOKMARK [2][-]{subsection.appendix.A.1.3}{Elementos p\363s-textuais}{section.appendix.A.1}% 31
\BOOKMARK [2][-]{subsection.appendix.A.1.4}{Formas de apresenta\347\343o}{section.appendix.A.1}% 32
\BOOKMARK [1][-]{section.appendix.A.2}{Outras normas}{chapter.appendix.A}% 33
